c:\users\caost\source\repos\cargademodelos\cargademodelos\x64\release\vc143.pdb
c:\users\caost\source\repos\cargademodelos\cargademodelos\x64\release\vbo.obj
c:\users\caost\source\repos\cargademodelos\cargademodelos\x64\release\vao.obj
c:\users\caost\source\repos\cargademodelos\cargademodelos\x64\release\texture.obj
c:\users\caost\source\repos\cargademodelos\cargademodelos\x64\release\stb.obj
c:\users\caost\source\repos\cargademodelos\cargademodelos\x64\release\shaderclass.obj
c:\users\caost\source\repos\cargademodelos\cargademodelos\x64\release\model.obj
c:\users\caost\source\repos\cargademodelos\cargademodelos\x64\release\mesh.obj
c:\users\caost\source\repos\cargademodelos\cargademodelos\x64\release\main.obj
c:\users\caost\source\repos\cargademodelos\cargademodelos\x64\release\ebo.obj
c:\users\caost\source\repos\cargademodelos\cargademodelos\x64\release\camera.obj
c:\users\caost\source\repos\cargademodelos\cargademodelos\x64\release\glad.obj
c:\users\caost\source\repos\cargademodelos\x64\release\proyecto.exe
c:\users\caost\source\repos\cargademodelos\x64\release\proyecto.pdb
c:\users\caost\source\repos\cargademodelos\cargademodelos\x64\release\proyecto.res
c:\users\caost\source\repos\cargademodelos\cargademodelos\x64\release\proyecto.ipdb
c:\users\caost\source\repos\cargademodelos\cargademodelos\x64\release\proyecto.iobj
c:\users\caost\source\repos\cargademodelos\cargademodelos\x64\release\proyecto.tlog\cl.command.1.tlog
c:\users\caost\source\repos\cargademodelos\cargademodelos\x64\release\proyecto.tlog\cl.items.tlog
c:\users\caost\source\repos\cargademodelos\cargademodelos\x64\release\proyecto.tlog\cl.read.1.tlog
c:\users\caost\source\repos\cargademodelos\cargademodelos\x64\release\proyecto.tlog\cl.write.1.tlog
c:\users\caost\source\repos\cargademodelos\cargademodelos\x64\release\proyecto.tlog\link.command.1.tlog
c:\users\caost\source\repos\cargademodelos\cargademodelos\x64\release\proyecto.tlog\link.read.1.tlog
c:\users\caost\source\repos\cargademodelos\cargademodelos\x64\release\proyecto.tlog\link.secondary.1.tlog
c:\users\caost\source\repos\cargademodelos\cargademodelos\x64\release\proyecto.tlog\link.write.1.tlog
c:\users\caost\source\repos\cargademodelos\cargademodelos\x64\release\proyecto.tlog\rc.command.1.tlog
c:\users\caost\source\repos\cargademodelos\cargademodelos\x64\release\proyecto.tlog\rc.read.1.tlog
c:\users\caost\source\repos\cargademodelos\cargademodelos\x64\release\proyecto.tlog\rc.write.1.tlog
